#
# A fatal error has been detected by the Java Runtime Environment:
#
#  Internal Error (exceptions.cpp:427), pid=12759, tid=7171
#  fatal error: ExceptionMark destructor expects no pending exceptions
#
# JRE version: Java(TM) SE Runtime Environment (8.0_73-b02) (build 1.8.0_73-b02)
# Java VM: Java HotSpot(TM) 64-Bit Server VM (25.73-b02 mixed mode bsd-amd64 compressed oops)
# Failed to write core dump. Core dumps have been disabled. To enable core dumping, try "ulimit -c unlimited" before starting Java again
#
# If you would like to submit a bug report, please visit:
#   http://bugreport.java.com/bugreport/crash.jsp
#

---------------  T H R E A D  ---------------

Current thread (0x00007f9981006800):  JavaThread "main" [_thread_in_vm, id=7171, stack(0x0000700004c56000,0x0000700004d56000)]

Stack: [0x0000700004c56000,0x0000700004d56000],  sp=0x0000700004d558c0,  free space=1022k
Native frames: (J=compiled Java code, j=interpreted, Vv=VM code, C=native code)
V  [libjvm.dylib+0x5a6996]  VMError::report_and_die()+0x3f8
V  [libjvm.dylib+0x1e64f7]  report_vm_error(char const*, int, char const*, char const*)+0x54
V  [libjvm.dylib+0x240253]  ExceptionMark::~ExceptionMark()+0x95
V  [libjvm.dylib+0x56467a]  Threads::create_vm(JavaVMInitArgs*, bool*)+0xef8
V  [libjvm.dylib+0x3212d5]  JNI_CreateJavaVM+0x76
C  [java+0x30c1]  JavaMain+0x134
C  [libsystem_pthread.dylib+0x393b]  _pthread_body+0xb4
C  [libsystem_pthread.dylib+0x3887]  _pthread_body+0x0
C  [libsystem_pthread.dylib+0x308d]  thread_start+0xd
C  0x0000000000000000


---------------  P R O C E S S  ---------------

Java Threads: ( => current thread )
  0x00007f998185c000 JavaThread "C1 CompilerThread2" daemon [_thread_blocked, id=18691, stack(0x000070000587a000,0x000070000597a000)]
  0x00007f998185b000 JavaThread "C2 CompilerThread1" daemon [_thread_blocked, id=18179, stack(0x0000700005777000,0x0000700005877000)]
  0x00007f9982022000 JavaThread "C2 CompilerThread0" daemon [_thread_blocked, id=17667, stack(0x0000700005674000,0x0000700005774000)]
  0x00007f998185a800 JavaThread "Monitor Ctrl-Break" daemon [_thread_blocked, id=17155, stack(0x0000700005571000,0x0000700005671000)]
  0x00007f9981036000 JavaThread "Signal Dispatcher" daemon [_thread_blocked, id=16643, stack(0x000070000546e000,0x000070000556e000)]
  0x00007f9982000000 JavaThread "Finalizer" daemon [_thread_blocked, id=12547, stack(0x000070000536b000,0x000070000546b000)]
  0x00007f998182b000 JavaThread "Reference Handler" daemon [_thread_blocked, id=12035, stack(0x0000700005268000,0x0000700005368000)]
=>0x00007f9981006800 JavaThread "main" [_thread_in_vm, id=7171, stack(0x0000700004c56000,0x0000700004d56000)]

Other Threads:
  0x00007f998182a800 VMThread [stack: 0x0000700005165000,0x0000700005265000] [id=11523]

VM state:synchronizing (normal execution)

VM Mutex/Monitor currently owned by a thread:  ([mutex/lock_event])
[0x00007f9980603a70] Threads_lock - owner thread: 0x00007f998182a800
[0x00007f9980603f70] Heap_lock - owner thread: 0x00007f998185a800

Heap:
 PSYoungGen      total 183296K, used 0K [0x0000000795580000, 0x00000007a0900000, 0x00000007c0000000)
  eden space 182784K, 0% used [0x0000000795580000,0x0000000795580000,0x00000007a0800000)
  from space 512K, 0% used [0x00000007a0880000,0x00000007a0880000,0x00000007a0900000)
  to   space 512K, 0% used [0x00000007a0800000,0x00000007a0800000,0x00000007a0880000)
 ParOldGen       total 1398272K, used 333K [0x0000000740000000, 0x0000000795580000, 0x0000000795580000)
  object space 1398272K, 0% used [0x0000000740000000,0x0000000740053460,0x0000000795580000)
 Metaspace       used 2816K, capacity 2898K, committed 3072K, reserved 1056768K
  class space    used 306K, capacity 386K, committed 512K, reserved 1048576K

Card table byte_map: [0x0000000119600000,0x0000000119a01000] byte_map_base: 0x0000000115c00000

Marking Bits: (ParMarkBitMap*) 0x0000000108f05ea0
 Begin Bits: [0x0000000119cac000, 0x000000011bcac000)
 End Bits:   [0x000000011bcac000, 0x000000011dcac000)

Polling page: 0x00000001095f2000

CodeCache: size=245760Kb used=1038Kb max_used=1038Kb free=244721Kb
 bounds [0x000000010a600000, 0x000000010a870000, 0x0000000119600000]
 total_blobs=239 nmethods=8 adapters=147
 compilation: enabled

Compilation events (10 events):
Event: 0.145 Thread 0x00007f998185c000    3       3       java.util.Arrays::copyOf (19 bytes)
Event: 0.145 Thread 0x00007f998185c000 nmethod 3 0x000000010a700350 code [0x000000010a7004e0, 0x000000010a700808]
Event: 0.145 Thread 0x00007f998185c000    5       3       java.lang.Object::<init> (1 bytes)
Event: 0.145 Thread 0x00007f998185c000 nmethod 5 0x000000010a7027d0 code [0x000000010a702940, 0x000000010a702a90]
Event: 0.145 Thread 0x00007f998185c000    6       3       java.lang.StringBuilder::toString (17 bytes)
Event: 0.145 Thread 0x00007f998185c000 nmethod 6 0x000000010a702390 code [0x000000010a702500, 0x000000010a702708]
Event: 0.145 Thread 0x00007f998185c000    7       3       java.lang.System::getSecurityManager (4 bytes)
Event: 0.146 Thread 0x00007f998185c000 nmethod 7 0x000000010a702090 code [0x000000010a7021e0, 0x000000010a702330]
Event: 0.147 Thread 0x00007f998185c000    8       3       java.lang.String::hashCode (55 bytes)
Event: 0.206 Thread 0x00007f998185c000 nmethod 8 0x000000010a7039d0 code [0x000000010a703b40, 0x000000010a703dd0]

GC Heap History (10 events):
Event: 0.817 GC heap before
{Heap before GC invocations=276 (full 138):
 PSYoungGen      total 180736K, used 0K [0x0000000795580000, 0x00000007a0680000, 0x00000007c0000000)
  eden space 180224K, 0% used [0x0000000795580000,0x0000000795580000,0x00000007a0580000)
  from space 512K, 0% used [0x00000007a0600000,0x00000007a0600000,0x00000007a0680000)
  to   space 512K, 0% used [0x00000007a0580000,0x00000007a0580000,0x00000007a0600000)
 ParOldGen       total 1398272K, used 333K [0x0000000740000000, 0x0000000795580000, 0x0000000795580000)
  object space 1398272K, 0% used [0x0000000740000000,0x0000000740053460,0x0000000795580000)
 Metaspace       used 2816K, capacity 2898K, committed 3072K, reserved 1056768K
  class space    used 306K, capacity 386K, committed 512K, reserved 1048576K
Event: 0.821 GC heap after
Heap after GC invocations=276 (full 138):
 PSYoungGen      total 180736K, used 0K [0x0000000795580000, 0x00000007a0680000, 0x00000007c0000000)
  eden space 180224K, 0% used [0x0000000795580000,0x0000000795580000,0x00000007a0580000)
  from space 512K, 0% used [0x00000007a0600000,0x00000007a0600000,0x00000007a0680000)
  to   space 512K, 0% used [0x00000007a0580000,0x00000007a0580000,0x00000007a0600000)
 ParOldGen       total 1398272K, used 333K [0x0000000740000000, 0x0000000795580000, 0x0000000795580000)
  object space 1398272K, 0% used [0x0000000740000000,0x0000000740053460,0x0000000795580000)
 Metaspace       used 2816K, capacity 2898K, committed 3072K, reserved 1056768K
  class space    used 306K, capacity 386K, committed 512K, reserved 1048576K
}
Event: 0.821 GC heap before
{Heap before GC invocations=277 (full 138):
 PSYoungGen      total 180736K, used 0K [0x0000000795580000, 0x00000007a0680000, 0x00000007c0000000)
  eden space 180224K, 0% used [0x0000000795580000,0x0000000795580000,0x00000007a0580000)
  from space 512K, 0% used [0x00000007a0600000,0x00000007a0600000,0x00000007a0680000)
  to   space 512K, 0% used [0x00000007a0580000,0x00000007a0580000,0x00000007a0600000)
 ParOldGen       total 1398272K, used 333K [0x0000000740000000, 0x0000000795580000, 0x0000000795580000)
  object space 1398272K, 0% used [0x0000000740000000,0x0000000740053460,0x0000000795580000)
 Metaspace       used 2816K, capacity 2898K, committed 3072K, reserved 1056768K
  class space    used 306K, capacity 386K, committed 512K, reserved 1048576K
Event: 0.821 GC heap after
Heap after GC invocations=277 (full 138):
 PSYoungGen      total 180736K, used 0K [0x0000000795580000, 0x00000007a0900000, 0x00000007c0000000)
  eden space 180224K, 0% used [0x0000000795580000,0x0000000795580000,0x00000007a0580000)
  from space 512K, 0% used [0x00000007a0580000,0x00000007a0580000,0x00000007a0600000)
  to   space 512K, 0% used [0x00000007a0880000,0x00000007a0880000,0x00000007a0900000)
 ParOldGen       total 1398272K, used 333K [0x0000000740000000, 0x0000000795580000, 0x0000000795580000)
  object space 1398272K, 0% used [0x0000000740000000,0x0000000740053460,0x0000000795580000)
 Metaspace       used 2816K, capacity 2898K, committed 3072K, reserved 1056768K
  class space    used 306K, capacity 386K, committed 512K, reserved 1048576K
}
Event: 0.821 GC heap before
{Heap before GC invocations=278 (full 139):
 PSYoungGen      total 180736K, used 0K [0x0000000795580000, 0x00000007a0900000, 0x00000007c0000000)
  eden space 180224K, 0% used [0x0000000795580000,0x0000000795580000,0x00000007a0580000)
  from space 512K, 0% used [0x00000007a0580000,0x00000007a0580000,0x00000007a0600000)
  to   space 512K, 0% used [0x00000007a0880000,0x00000007a0880000,0x00000007a0900000)
 ParOldGen       total 1398272K, used 333K [0x0000000740000000, 0x0000000795580000, 0x0000000795580000)
  object space 1398272K, 0% used [0x0000000740000000,0x0000000740053460,0x0000000795580000)
 Metaspace       used 2816K, capacity 2898K, committed 3072K, reserved 1056768K
  class space    used 306K, capacity 386K, committed 512K, reserved 1048576K
Event: 0.826 GC heap after
Heap after GC invocations=278 (full 139):
 PSYoungGen      total 180736K, used 0K [0x0000000795580000, 0x00000007a0900000, 0x00000007c0000000)
  eden space 180224K, 0% used [0x0000000795580000,0x0000000795580000,0x00000007a0580000)
  from space 512K, 0% used [0x00000007a0580000,0x00000007a0580000,0x00000007a0600000)
  to   space 512K, 0% used [0x00000007a0880000,0x00000007a0880000,0x00000007a0900000)
 ParOldGen       total 1398272K, used 333K [0x0000000740000000, 0x0000000795580000, 0x0000000795580000)
  object space 1398272K, 0% used [0x0000000740000000,0x0000000740053460,0x0000000795580000)
 Metaspace       used 2816K, capacity 2898K, committed 3072K, reserved 1056768K
  class space    used 306K, capacity 386K, committed 512K, reserved 1048576K
}
Event: 0.826 GC heap before
{Heap before GC invocations=279 (full 139):
 PSYoungGen      total 180736K, used 0K [0x0000000795580000, 0x00000007a0900000, 0x00000007c0000000)
  eden space 180224K, 0% used [0x0000000795580000,0x0000000795580000,0x00000007a0580000)
  from space 512K, 0% used [0x00000007a0580000,0x00000007a0580000,0x00000007a0600000)
  to   space 512K, 0% used [0x00000007a0880000,0x00000007a0880000,0x00000007a0900000)
 ParOldGen       total 1398272K, used 333K [0x0000000740000000, 0x0000000795580000, 0x0000000795580000)
  object space 1398272K, 0% used [0x0000000740000000,0x0000000740053460,0x0000000795580000)
 Metaspace       used 2816K, capacity 2898K, committed 3072K, reserved 1056768K
  class space    used 306K, capacity 386K, committed 512K, reserved 1048576K
Event: 0.826 GC heap after
Heap after GC invocations=279 (full 139):
 PSYoungGen      total 183296K, used 0K [0x0000000795580000, 0x00000007a0900000, 0x00000007c0000000)
  eden space 182784K, 0% used [0x0000000795580000,0x0000000795580000,0x00000007a0800000)
  from space 512K, 0% used [0x00000007a0880000,0x00000007a0880000,0x00000007a0900000)
  to   space 512K, 0% used [0x00000007a0800000,0x00000007a0800000,0x00000007a0880000)
 ParOldGen       total 1398272K, used 333K [0x0000000740000000, 0x0000000795580000, 0x0000000795580000)
  object space 1398272K, 0% used [0x0000000740000000,0x0000000740053460,0x0000000795580000)
 Metaspace       used 2816K, capacity 2898K, committed 3072K, reserved 1056768K
  class space    used 306K, capacity 386K, committed 512K, reserved 1048576K
}
Event: 0.826 GC heap before
{Heap before GC invocations=280 (full 140):
 PSYoungGen      total 183296K, used 0K [0x0000000795580000, 0x00000007a0900000, 0x00000007c0000000)
  eden space 182784K, 0% used [0x0000000795580000,0x0000000795580000,0x00000007a0800000)
  from space 512K, 0% used [0x00000007a0880000,0x00000007a0880000,0x00000007a0900000)
  to   space 512K, 0% used [0x00000007a0800000,0x00000007a0800000,0x00000007a0880000)
 ParOldGen       total 1398272K, used 333K [0x0000000740000000, 0x0000000795580000, 0x0000000795580000)
  object space 1398272K, 0% used [0x0000000740000000,0x0000000740053460,0x0000000795580000)
 Metaspace       used 2816K, capacity 2898K, committed 3072K, reserved 1056768K
  class space    used 306K, capacity 386K, committed 512K, reserved 1048576K
Event: 0.830 GC heap after
Heap after GC invocations=280 (full 140):
 PSYoungGen      total 183296K, used 0K [0x0000000795580000, 0x00000007a0900000, 0x00000007c0000000)
  eden space 182784K, 0% used [0x0000000795580000,0x0000000795580000,0x00000007a0800000)
  from space 512K, 0% used [0x00000007a0880000,0x00000007a0880000,0x00000007a0900000)
  to   space 512K, 0% used [0x00000007a0800000,0x00000007a0800000,0x00000007a0880000)
 ParOldGen       total 1398272K, used 333K [0x0000000740000000, 0x0000000795580000, 0x0000000795580000)
  object space 1398272K, 0% used [0x0000000740000000,0x0000000740053460,0x0000000795580000)
 Metaspace       used 2816K, capacity 2898K, committed 3072K, reserved 1056768K
  class space    used 306K, capacity 386K, committed 512K, reserved 1048576K
}

Deoptimization events (0 events):
No events

Internal exceptions (10 events):
Event: 0.742 Thread 0x00007f998182b000 Exception <a 'java/lang/OutOfMemoryError'> (0x0000000740000520) thrown at [/HUDSON3/workspace/8-2-build-macosx-x86_64/jdk8u73/6086/hotspot/src/share/vm/memory/metaspace.cpp, line 3569]
Event: 0.753 Thread 0x00007f998182b000 Exception <a 'java/lang/OutOfMemoryError'> (0x0000000740000520) thrown at [/HUDSON3/workspace/8-2-build-macosx-x86_64/jdk8u73/6086/hotspot/src/share/vm/memory/metaspace.cpp, line 3569]
Event: 0.763 Thread 0x00007f998182b000 Exception <a 'java/lang/OutOfMemoryError'> (0x0000000740000520) thrown at [/HUDSON3/workspace/8-2-build-macosx-x86_64/jdk8u73/6086/hotspot/src/share/vm/memory/metaspace.cpp, line 3569]
Event: 0.776 Thread 0x00007f998182b000 Exception <a 'java/lang/OutOfMemoryError'> (0x0000000740000520) thrown at [/HUDSON3/workspace/8-2-build-macosx-x86_64/jdk8u73/6086/hotspot/src/share/vm/memory/metaspace.cpp, line 3569]
Event: 0.785 Thread 0x00007f998182b000 Exception <a 'java/lang/OutOfMemoryError'> (0x0000000740000520) thrown at [/HUDSON3/workspace/8-2-build-macosx-x86_64/jdk8u73/6086/hotspot/src/share/vm/memory/metaspace.cpp, line 3569]
Event: 0.794 Thread 0x00007f998182b000 Exception <a 'java/lang/OutOfMemoryError'> (0x0000000740000520) thrown at [/HUDSON3/workspace/8-2-build-macosx-x86_64/jdk8u73/6086/hotspot/src/share/vm/memory/metaspace.cpp, line 3569]
Event: 0.803 Thread 0x00007f998182b000 Exception <a 'java/lang/OutOfMemoryError'> (0x0000000740000520) thrown at [/HUDSON3/workspace/8-2-build-macosx-x86_64/jdk8u73/6086/hotspot/src/share/vm/memory/metaspace.cpp, line 3569]
Event: 0.812 Thread 0x00007f998185a800 Exception <a 'java/lang/OutOfMemoryError'> (0x0000000740000520) thrown at [/HUDSON3/workspace/8-2-build-macosx-x86_64/jdk8u73/6086/hotspot/src/share/vm/memory/metaspace.cpp, line 3569]
Event: 0.821 Thread 0x00007f998182b000 Exception <a 'java/lang/OutOfMemoryError'> (0x0000000740000520) thrown at [/HUDSON3/workspace/8-2-build-macosx-x86_64/jdk8u73/6086/hotspot/src/share/vm/memory/metaspace.cpp, line 3569]
Event: 0.830 Thread 0x00007f9981006800 Exception <a 'java/lang/OutOfMemoryError'> (0x0000000740000520) thrown at [/HUDSON3/workspace/8-2-build-macosx-x86_64/jdk8u73/6086/hotspot/src/share/vm/memory/metaspace.cpp, line 3569]

Events (10 events):
Event: 0.794 Executing VM operation: CollectForMetadataAllocation done
Event: 0.794 Executing VM operation: CollectForMetadataAllocation
Event: 0.803 Executing VM operation: CollectForMetadataAllocation done
Event: 0.803 Executing VM operation: CollectForMetadataAllocation
Event: 0.812 Executing VM operation: CollectForMetadataAllocation done
Event: 0.812 Executing VM operation: CollectForMetadataAllocation
Event: 0.821 Executing VM operation: CollectForMetadataAllocation done
Event: 0.821 Executing VM operation: CollectForMetadataAllocation
Event: 0.830 Executing VM operation: CollectForMetadataAllocation done
Event: 0.830 Executing VM operation: CollectForMetadataAllocation


Dynamic libraries:
0x0000000026c65000 	/System/Library/Frameworks/Cocoa.framework/Versions/A/Cocoa
0x0000000026c65000 	/System/Library/Frameworks/Security.framework/Versions/A/Security
0x0000000026c65000 	/System/Library/Frameworks/ApplicationServices.framework/Versions/A/ApplicationServices
0x0000000026c65000 	/usr/lib/libz.1.dylib
0x0000000026c65000 	/usr/lib/libSystem.B.dylib
0x0000000026c65000 	/usr/lib/libobjc.A.dylib
0x0000000026c65000 	/System/Library/Frameworks/CoreFoundation.framework/Versions/A/CoreFoundation
0x0000000026c65000 	/System/Library/Frameworks/Foundation.framework/Versions/C/Foundation
0x0000000026c65000 	/System/Library/Frameworks/AppKit.framework/Versions/C/AppKit
0x0000000026c65000 	/System/Library/Frameworks/CoreData.framework/Versions/A/CoreData
0x0000000026c65000 	/System/Library/PrivateFrameworks/RemoteViewServices.framework/Versions/A/RemoteViewServices
0x0000000026c65000 	/System/Library/PrivateFrameworks/UIFoundation.framework/Versions/A/UIFoundation
0x0000000026c65000 	/System/Library/PrivateFrameworks/DFRFoundation.framework/Versions/A/DFRFoundation
0x0000000026c65000 	/usr/lib/libenergytrace.dylib
0x0000000026c65000 	/System/Library/PrivateFrameworks/SkyLight.framework/Versions/A/SkyLight
0x0000000026c65000 	/System/Library/Frameworks/CoreGraphics.framework/Versions/A/CoreGraphics
0x0000000026c65000 	/usr/lib/libScreenReader.dylib
0x0000000026c65000 	/System/Library/Frameworks/Accelerate.framework/Versions/A/Accelerate
0x0000000026c65000 	/System/Library/Frameworks/IOSurface.framework/Versions/A/IOSurface
0x0000000026c65000 	/System/Library/Frameworks/AudioToolbox.framework/Versions/A/AudioToolbox
0x0000000026c65000 	/System/Library/Frameworks/AudioUnit.framework/Versions/A/AudioUnit
0x0000000026c65000 	/System/Library/PrivateFrameworks/DataDetectorsCore.framework/Versions/A/DataDetectorsCore
0x0000000026c65000 	/System/Library/PrivateFrameworks/DesktopServicesPriv.framework/Versions/A/DesktopServicesPriv
0x0000000026c65000 	/System/Library/Frameworks/Carbon.framework/Versions/A/Frameworks/HIToolbox.framework/Versions/A/HIToolbox
0x0000000026c65000 	/usr/lib/libicucore.A.dylib
0x0000000026c65000 	/System/Library/Frameworks/QuartzCore.framework/Versions/A/QuartzCore
0x0000000026c65000 	/System/Library/Frameworks/Carbon.framework/Versions/A/Frameworks/SpeechRecognition.framework/Versions/A/SpeechRecognition
0x0000000026c65000 	/usr/lib/libauto.dylib
0x0000000026c65000 	/usr/lib/libxml2.2.dylib
0x0000000026c65000 	/System/Library/PrivateFrameworks/CoreUI.framework/Versions/A/CoreUI
0x0000000026c65000 	/System/Library/Frameworks/CoreAudio.framework/Versions/A/CoreAudio
0x0000000026c65000 	/System/Library/Frameworks/DiskArbitration.framework/Versions/A/DiskArbitration
0x0000000026c65000 	/usr/lib/liblangid.dylib
0x0000000026c65000 	/System/Library/PrivateFrameworks/MultitouchSupport.framework/Versions/A/MultitouchSupport
0x0000000026c65000 	/System/Library/Frameworks/IOKit.framework/Versions/A/IOKit
0x0000000026c65000 	/usr/lib/libDiagnosticMessagesClient.dylib
0x0000000026c65000 	/System/Library/Frameworks/CoreServices.framework/Versions/A/CoreServices
0x0000000026c65000 	/System/Library/PrivateFrameworks/PerformanceAnalysis.framework/Versions/A/PerformanceAnalysis
0x0000000026c65000 	/System/Library/PrivateFrameworks/GenerationalStorage.framework/Versions/A/GenerationalStorage
0x0000000026c65000 	/System/Library/Frameworks/OpenGL.framework/Versions/A/OpenGL
0x0000000026c65000 	/System/Library/Frameworks/CoreImage.framework/Versions/A/CoreImage
0x0000000026c65000 	/System/Library/Frameworks/CoreText.framework/Versions/A/CoreText
0x0000000026c65000 	/System/Library/Frameworks/ImageIO.framework/Versions/A/ImageIO
0x0000000026c65000 	/System/Library/PrivateFrameworks/Backup.framework/Versions/A/Backup
0x0000000026c65000 	/usr/lib/libarchive.2.dylib
0x0000000026c65000 	/System/Library/Frameworks/CFNetwork.framework/Versions/A/CFNetwork
0x0000000026c65000 	/System/Library/Frameworks/SystemConfiguration.framework/Versions/A/SystemConfiguration
0x0000000026c65000 	/usr/lib/libCRFSuite.dylib
0x0000000026c65000 	/usr/lib/libc++.1.dylib
0x0000000026c65000 	/usr/lib/libc++abi.dylib
0x0000000026c65000 	/usr/lib/system/libcache.dylib
0x0000000026c65000 	/usr/lib/system/libcommonCrypto.dylib
0x0000000026c65000 	/usr/lib/system/libcompiler_rt.dylib
0x0000000026c65000 	/usr/lib/system/libcopyfile.dylib
0x0000000026c65000 	/usr/lib/system/libcorecrypto.dylib
0x0000000026c65000 	/usr/lib/system/libdispatch.dylib
0x0000000026c65000 	/usr/lib/system/libdyld.dylib
0x0000000026c65000 	/usr/lib/system/libkeymgr.dylib
0x0000000026c65000 	/usr/lib/system/liblaunch.dylib
0x0000000026c65000 	/usr/lib/system/libmacho.dylib
0x0000000026c65000 	/usr/lib/system/libquarantine.dylib
0x0000000026c65000 	/usr/lib/system/libremovefile.dylib
0x0000000026c65000 	/usr/lib/system/libsystem_asl.dylib
0x0000000026c65000 	/usr/lib/system/libsystem_blocks.dylib
0x0000000026c65000 	/usr/lib/system/libsystem_c.dylib
0x0000000026c65000 	/usr/lib/system/libsystem_configuration.dylib
0x0000000026c65000 	/usr/lib/system/libsystem_coreservices.dylib
0x0000000026c65000 	/usr/lib/system/libsystem_coretls.dylib
0x0000000026c65000 	/usr/lib/system/libsystem_dnssd.dylib
0x0000000026c65000 	/usr/lib/system/libsystem_info.dylib
0x0000000026c65000 	/usr/lib/system/libsystem_kernel.dylib
0x0000000026c65000 	/usr/lib/system/libsystem_m.dylib
0x0000000026c65000 	/usr/lib/system/libsystem_malloc.dylib
0x0000000026c65000 	/usr/lib/system/libsystem_network.dylib
0x0000000026c65000 	/usr/lib/system/libsystem_networkextension.dylib
0x0000000026c65000 	/usr/lib/system/libsystem_notify.dylib
0x0000000026c65000 	/usr/lib/system/libsystem_platform.dylib
0x0000000026c65000 	/usr/lib/system/libsystem_pthread.dylib
0x0000000026c65000 	/usr/lib/system/libsystem_sandbox.dylib
0x0000000026c65000 	/usr/lib/system/libsystem_secinit.dylib
0x0000000026c65000 	/usr/lib/system/libsystem_symptoms.dylib
0x0000000026c65000 	/usr/lib/system/libsystem_trace.dylib
0x0000000026c65000 	/usr/lib/system/libunwind.dylib
0x0000000026c65000 	/usr/lib/system/libxpc.dylib
0x0000000026c65000 	/usr/lib/libbsm.0.dylib
0x0000000026c65000 	/usr/lib/system/libkxld.dylib
0x0000000026c65000 	/usr/lib/libcoretls.dylib
0x0000000026c65000 	/usr/lib/libcoretls_cfhelpers.dylib
0x0000000026c65000 	/usr/lib/libOpenScriptingUtil.dylib
0x0000000026c65000 	/usr/lib/libpam.2.dylib
0x0000000026c65000 	/usr/lib/libsqlite3.dylib
0x0000000026c65000 	/usr/lib/libxar.1.dylib
0x0000000026c65000 	/usr/lib/libbz2.1.0.dylib
0x0000000026c65000 	/usr/lib/liblzma.5.dylib
0x0000000026c65000 	/usr/lib/libnetwork.dylib
0x0000000026c65000 	/usr/lib/libpcap.A.dylib
0x0000000026c65000 	/System/Library/Frameworks/CoreServices.framework/Versions/A/Frameworks/FSEvents.framework/Versions/A/FSEvents
0x0000000026c65000 	/System/Library/Frameworks/CoreServices.framework/Versions/A/Frameworks/CarbonCore.framework/Versions/A/CarbonCore
0x0000000026c65000 	/System/Library/Frameworks/CoreServices.framework/Versions/A/Frameworks/Metadata.framework/Versions/A/Metadata
0x0000000026c65000 	/System/Library/Frameworks/CoreServices.framework/Versions/A/Frameworks/OSServices.framework/Versions/A/OSServices
0x0000000026c65000 	/System/Library/Frameworks/CoreServices.framework/Versions/A/Frameworks/SearchKit.framework/Versions/A/SearchKit
0x0000000026c65000 	/System/Library/Frameworks/CoreServices.framework/Versions/A/Frameworks/AE.framework/Versions/A/AE
0x0000000026c65000 	/System/Library/Frameworks/CoreServices.framework/Versions/A/Frameworks/LaunchServices.framework/Versions/A/LaunchServices
0x0000000026c65000 	/System/Library/Frameworks/CoreServices.framework/Versions/A/Frameworks/DictionaryServices.framework/Versions/A/DictionaryServices
0x0000000026c65000 	/System/Library/Frameworks/CoreServices.framework/Versions/A/Frameworks/SharedFileList.framework/Versions/A/SharedFileList
0x0000000026c65000 	/System/Library/Frameworks/NetFS.framework/Versions/A/NetFS
0x0000000026c65000 	/System/Library/PrivateFrameworks/NetAuth.framework/Versions/A/NetAuth
0x0000000026c65000 	/System/Library/PrivateFrameworks/login.framework/Versions/A/Frameworks/loginsupport.framework/Versions/A/loginsupport
0x0000000026c65000 	/System/Library/PrivateFrameworks/TCC.framework/Versions/A/TCC
0x0000000026c65000 	/usr/lib/libmecabra.dylib
0x0000000026c65000 	/System/Library/Frameworks/ApplicationServices.framework/Versions/A/Frameworks/ATS.framework/Versions/A/ATS
0x0000000026c65000 	/System/Library/Frameworks/ApplicationServices.framework/Versions/A/Frameworks/ColorSync.framework/Versions/A/ColorSync
0x0000000026c65000 	/System/Library/Frameworks/ApplicationServices.framework/Versions/A/Frameworks/HIServices.framework/Versions/A/HIServices
0x0000000026c65000 	/System/Library/Frameworks/ApplicationServices.framework/Versions/A/Frameworks/LangAnalysis.framework/Versions/A/LangAnalysis
0x0000000026c65000 	/System/Library/Frameworks/ApplicationServices.framework/Versions/A/Frameworks/PrintCore.framework/Versions/A/PrintCore
0x0000000026c65000 	/System/Library/Frameworks/ApplicationServices.framework/Versions/A/Frameworks/QD.framework/Versions/A/QD
0x0000000026c65000 	/System/Library/Frameworks/ApplicationServices.framework/Versions/A/Frameworks/SpeechSynthesis.framework/Versions/A/SpeechSynthesis
0x0000000026c65000 	/System/Library/Frameworks/Accelerate.framework/Versions/A/Frameworks/vImage.framework/Versions/A/vImage
0x0000000026c65000 	/System/Library/Frameworks/Accelerate.framework/Versions/A/Frameworks/vecLib.framework/Versions/A/vecLib
0x0000000026c65000 	/System/Library/Frameworks/Accelerate.framework/Versions/A/Frameworks/vecLib.framework/Versions/A/libvDSP.dylib
0x0000000026c65000 	/System/Library/Frameworks/Accelerate.framework/Versions/A/Frameworks/vecLib.framework/Versions/A/libBNNS.dylib
0x0000000026c65000 	/System/Library/Frameworks/Accelerate.framework/Versions/A/Frameworks/vecLib.framework/Versions/A/libQuadrature.dylib
0x0000000026c65000 	/System/Library/Frameworks/Accelerate.framework/Versions/A/Frameworks/vecLib.framework/Versions/A/libvMisc.dylib
0x0000000026c65000 	/System/Library/Frameworks/Accelerate.framework/Versions/A/Frameworks/vecLib.framework/Versions/A/libLAPACK.dylib
0x0000000026c65000 	/System/Library/Frameworks/Accelerate.framework/Versions/A/Frameworks/vecLib.framework/Versions/A/libBLAS.dylib
0x0000000026c65000 	/System/Library/Frameworks/Accelerate.framework/Versions/A/Frameworks/vecLib.framework/Versions/A/libLinearAlgebra.dylib
0x0000000026c65000 	/System/Library/Frameworks/Accelerate.framework/Versions/A/Frameworks/vecLib.framework/Versions/A/libSparseBLAS.dylib
0x0000000026c65000 	/System/Library/Frameworks/ApplicationServices.framework/Versions/A/Frameworks/ATS.framework/Versions/A/Resources/libFontParser.dylib
0x0000000026c65000 	/System/Library/Frameworks/ApplicationServices.framework/Versions/A/Frameworks/ATS.framework/Versions/A/Resources/libFontRegistry.dylib
0x0000000026c65000 	/System/Library/Frameworks/ImageIO.framework/Versions/A/Resources/libJPEG.dylib
0x0000000026c65000 	/System/Library/Frameworks/ImageIO.framework/Versions/A/Resources/libTIFF.dylib
0x0000000026c65000 	/System/Library/Frameworks/ImageIO.framework/Versions/A/Resources/libPng.dylib
0x0000000026c65000 	/System/Library/Frameworks/ImageIO.framework/Versions/A/Resources/libGIF.dylib
0x0000000026c65000 	/System/Library/Frameworks/ImageIO.framework/Versions/A/Resources/libJP2.dylib
0x0000000026c65000 	/System/Library/Frameworks/ImageIO.framework/Versions/A/Resources/libRadiance.dylib
0x0000000026c65000 	/usr/lib/libcompression.dylib
0x0000000026c65000 	/System/Library/PrivateFrameworks/AppleJPEG.framework/Versions/A/AppleJPEG
0x0000000026c65000 	/usr/lib/libcups.2.dylib
0x0000000026c65000 	/System/Library/Frameworks/Kerberos.framework/Versions/A/Kerberos
0x0000000026c65000 	/System/Library/Frameworks/GSS.framework/Versions/A/GSS
0x0000000026c65000 	/usr/lib/libresolv.9.dylib
0x0000000026c65000 	/usr/lib/libiconv.2.dylib
0x0000000026c65000 	/System/Library/PrivateFrameworks/Heimdal.framework/Versions/A/Heimdal
0x0000000026c65000 	/usr/lib/libheimdal-asn1.dylib
0x0000000026c65000 	/System/Library/Frameworks/OpenDirectory.framework/Versions/A/OpenDirectory
0x0000000026c65000 	/System/Library/PrivateFrameworks/CommonAuth.framework/Versions/A/CommonAuth
0x0000000026c65000 	/System/Library/Frameworks/OpenDirectory.framework/Versions/A/Frameworks/CFOpenDirectory.framework/Versions/A/CFOpenDirectory
0x0000000026c65000 	/System/Library/Frameworks/SecurityFoundation.framework/Versions/A/SecurityFoundation
0x0000000026c65000 	/System/Library/PrivateFrameworks/LanguageModeling.framework/Versions/A/LanguageModeling
0x0000000026c65000 	/usr/lib/libmarisa.dylib
0x0000000026c65000 	/usr/lib/libChineseTokenizer.dylib
0x0000000026c65000 	/usr/lib/libcmph.dylib
0x0000000026c65000 	/System/Library/PrivateFrameworks/CoreEmoji.framework/Versions/A/CoreEmoji
0x0000000026c65000 	/System/Library/Frameworks/ServiceManagement.framework/Versions/A/ServiceManagement
0x0000000026c65000 	/usr/lib/libxslt.1.dylib
0x0000000026c65000 	/System/Library/Frameworks/Carbon.framework/Versions/A/Frameworks/Ink.framework/Versions/A/Ink
0x0000000026c65000 	/System/Library/PrivateFrameworks/TextureIO.framework/Versions/A/TextureIO
0x0000000026c65000 	/System/Library/Frameworks/Metal.framework/Versions/A/Metal
0x0000000026c65000 	/usr/lib/libate.dylib
0x0000000026c65000 	/System/Library/PrivateFrameworks/GPUCompiler.framework/libmetal_timestamp.dylib
0x0000000026c65000 	/System/Library/Frameworks/OpenGL.framework/Versions/A/Libraries/libCoreFSCache.dylib
0x0000000026c65000 	/System/Library/PrivateFrameworks/IOAccelerator.framework/Versions/A/IOAccelerator
0x0000000026c65000 	/System/Library/Frameworks/CoreVideo.framework/Versions/A/CoreVideo
0x0000000026c65000 	/usr/lib/libFosl_dynamic.dylib
0x0000000026c65000 	/System/Library/PrivateFrameworks/MetalPerformanceShaders.framework/Versions/A/MetalPerformanceShaders
0x0000000026c65000 	/System/Library/PrivateFrameworks/FaceCore.framework/Versions/A/FaceCore
0x0000000026c65000 	/System/Library/Frameworks/OpenCL.framework/Versions/A/OpenCL
0x0000000026c65000 	/System/Library/Frameworks/OpenGL.framework/Versions/A/Libraries/libGLU.dylib
0x0000000026c65000 	/System/Library/Frameworks/OpenGL.framework/Versions/A/Libraries/libGFXShared.dylib
0x0000000026c65000 	/System/Library/Frameworks/OpenGL.framework/Versions/A/Libraries/libGL.dylib
0x0000000026c65000 	/System/Library/Frameworks/OpenGL.framework/Versions/A/Libraries/libGLImage.dylib
0x0000000026c65000 	/System/Library/Frameworks/OpenGL.framework/Versions/A/Libraries/libCVMSPluginSupport.dylib
0x0000000026c65000 	/System/Library/Frameworks/OpenGL.framework/Versions/A/Libraries/libCoreVMClient.dylib
0x0000000026c65000 	/System/Library/PrivateFrameworks/CrashReporterSupport.framework/Versions/A/CrashReporterSupport
0x0000000026c65000 	/System/Library/PrivateFrameworks/Sharing.framework/Versions/A/Sharing
0x0000000026c65000 	/System/Library/PrivateFrameworks/IconServices.framework/Versions/A/IconServices
0x0000000026c65000 	/System/Library/PrivateFrameworks/ProtocolBuffer.framework/Versions/A/ProtocolBuffer
0x0000000026c65000 	/System/Library/PrivateFrameworks/Apple80211.framework/Versions/A/Apple80211
0x0000000026c65000 	/System/Library/Frameworks/CoreWLAN.framework/Versions/A/CoreWLAN
0x0000000026c65000 	/System/Library/PrivateFrameworks/CoreUtils.framework/Versions/A/CoreUtils
0x0000000026c65000 	/System/Library/Frameworks/IOBluetooth.framework/Versions/A/IOBluetooth
0x0000000026c65000 	/System/Library/PrivateFrameworks/CoreWiFi.framework/Versions/A/CoreWiFi
0x0000000026c65000 	/System/Library/Frameworks/CoreBluetooth.framework/Versions/A/CoreBluetooth
0x0000000026c65000 	/System/Library/Frameworks/CoreDisplay.framework/Versions/A/CoreDisplay
0x0000000026c65000 	/System/Library/PrivateFrameworks/IOPresentment.framework/Versions/A/IOPresentment
0x0000000026c65000 	/System/Library/PrivateFrameworks/DSExternalDisplay.framework/Versions/A/DSExternalDisplay
0x0000000026c65000 	/System/Library/PrivateFrameworks/DebugSymbols.framework/Versions/A/DebugSymbols
0x0000000026c65000 	/System/Library/PrivateFrameworks/CoreSymbolication.framework/Versions/A/CoreSymbolication
0x0000000026c65000 	/System/Library/PrivateFrameworks/Symbolication.framework/Versions/A/Symbolication
0x0000000026c65000 	/System/Library/PrivateFrameworks/AppleFSCompression.framework/Versions/A/AppleFSCompression
0x0000000026c65000 	/System/Library/PrivateFrameworks/SpeechRecognitionCore.framework/Versions/A/SpeechRecognitionCore
0x0000000026c65000 	/System/Library/PrivateFrameworks/ChunkingLibrary.framework/Versions/A/ChunkingLibrary
0x00000001085de000 	/System/Library/CoreServices/Encodings/libSimplifiedChineseConverter.dylib
0x0000000108622000 	/Library/Java/JavaVirtualMachines/jdk1.8.0_73.jdk/Contents/Home/jre/lib/server/libjvm.dylib
0x0000000026c65000 	/usr/lib/libstdc++.6.dylib
0x00000001095af000 	/Library/Java/JavaVirtualMachines/jdk1.8.0_73.jdk/Contents/Home/jre/lib/libverify.dylib
0x00000001095bd000 	/Library/Java/JavaVirtualMachines/jdk1.8.0_73.jdk/Contents/Home/jre/lib/libjava.dylib
0x00000001095f3000 	/Library/Java/JavaVirtualMachines/jdk1.8.0_73.jdk/Contents/Home/jre/lib/libinstrument.dylib
0x0000000109651000 	/Library/Java/JavaVirtualMachines/jdk1.8.0_73.jdk/Contents/Home/jre/lib/libzip.dylib
0x0000000109c04000 	/System/Library/Frameworks/JavaVM.framework/Frameworks/JavaRuntimeSupport.framework/JavaRuntimeSupport
0x0000000109dbb000 	/System/Library/Frameworks/JavaVM.framework/Versions/A/Frameworks/JavaNativeFoundation.framework/Versions/A/JavaNativeFoundation
0x0000000109c1e000 	/System/Library/Frameworks/JavaVM.framework/Versions/A/JavaVM
0x0000000026c65000 	/System/Library/Frameworks/Carbon.framework/Versions/A/Carbon
0x0000000109dd0000 	/System/Library/PrivateFrameworks/JavaLaunching.framework/Versions/A/JavaLaunching
0x0000000026c65000 	/System/Library/Frameworks/Carbon.framework/Versions/A/Frameworks/CommonPanels.framework/Versions/A/CommonPanels
0x0000000026c65000 	/System/Library/Frameworks/Carbon.framework/Versions/A/Frameworks/Help.framework/Versions/A/Help
0x0000000026c65000 	/System/Library/Frameworks/Carbon.framework/Versions/A/Frameworks/ImageCapture.framework/Versions/A/ImageCapture
0x0000000026c65000 	/System/Library/Frameworks/Carbon.framework/Versions/A/Frameworks/OpenScripting.framework/Versions/A/OpenScripting
0x0000000026c65000 	/System/Library/Frameworks/Carbon.framework/Versions/A/Frameworks/Print.framework/Versions/A/Print
0x0000000026c65000 	/System/Library/Frameworks/Carbon.framework/Versions/A/Frameworks/SecurityHI.framework/Versions/A/SecurityHI
0x0000000121287000 	/Library/Java/JavaVirtualMachines/jdk1.8.0_73.jdk/Contents/Home/jre/lib/libnet.dylib

VM Arguments:
jvm_args: -XX:MaxMetaspaceSize=3m -javaagent:/Applications/IntelliJ IDEA.app/Contents/lib/idea_rt.jar=58413:/Applications/IntelliJ IDEA.app/Contents/bin -Dfile.encoding=UTF-8 
java_command: com.liam.demo.jmm.OOMDemo
java_class_path (initial): /Library/Java/JavaVirtualMachines/jdk1.8.0_73.jdk/Contents/Home/jre/lib/charsets.jar:/Library/Java/JavaVirtualMachines/jdk1.8.0_73.jdk/Contents/Home/jre/lib/deploy.jar:/Library/Java/JavaVirtualMachines/jdk1.8.0_73.jdk/Contents/Home/jre/lib/ext/cldrdata.jar:/Library/Java/JavaVirtualMachines/jdk1.8.0_73.jdk/Contents/Home/jre/lib/ext/dnsns.jar:/Library/Java/JavaVirtualMachines/jdk1.8.0_73.jdk/Contents/Home/jre/lib/ext/jaccess.jar:/Library/Java/JavaVirtualMachines/jdk1.8.0_73.jdk/Contents/Home/jre/lib/ext/jfxrt.jar:/Library/Java/JavaVirtualMachines/jdk1.8.0_73.jdk/Contents/Home/jre/lib/ext/localedata.jar:/Library/Java/JavaVirtualMachines/jdk1.8.0_73.jdk/Contents/Home/jre/lib/ext/nashorn.jar:/Library/Java/JavaVirtualMachines/jdk1.8.0_73.jdk/Contents/Home/jre/lib/ext/sunec.jar:/Library/Java/JavaVirtualMachines/jdk1.8.0_73.jdk/Contents/Home/jre/lib/ext/sunjce_provider.jar:/Library/Java/JavaVirtualMachines/jdk1.8.0_73.jdk/Contents/Home/jre/lib/ext/sunpkcs11.jar:/Library/Java/JavaVirtualMachines/jdk1.8.0_73.jdk/Contents/Home/jre/lib/ext/zipfs.jar:/Library/Java/JavaVirtualMachines/jdk1.8.0_73.jdk/Contents/Home/jre/lib/javaws.jar:/Library/Java/JavaVirtualMachines/jdk1.8.0_73.jdk/Contents/Home/jre/lib/jce.jar:/Library/Java/JavaVirtualMachines/jdk1.8.0_73.jdk/Contents/Home/jre/lib/jfr.jar:/Library/Java/JavaVirtualMachines/jdk1.8.0_73.jdk/Contents/Home/jre/lib/jfxswt.jar:/Library/Java/JavaVirtualMachines/jdk1.8.0_73.jdk/Contents/Home/jre/lib/jsse.jar:/Library/Java/JavaVirtualMachines/jdk1.8.0_73.jdk/Contents/Home/jre/lib/management-agent.jar:/Library/Java/JavaVirtualMachines/jdk1.8.0_73.jdk/Contents/Home/jre/lib/plugin.jar:/Library/Java/JavaVirtualMachines/jdk1.8.0_73.jdk/Contents/Home/jre/lib/resources.jar:/Library/Java/JavaVirtualMachines/jdk1.8.0_73.jdk/Contents/Home/jre/lib/rt.jar:/Library/Java/JavaVirtualMachines/jdk1.8.0_73.jdk/Contents/Home/lib/ant-javafx.jar:/Library/Java/JavaVirtualMachines/jdk1.8.0_73.jdk/Contents/Home/lib/dt.jar:/Library/Ja
Launcher Type: SUN_STANDARD

Environment Variables:
JAVA_HOME=/Library/Java/JavaVirtualMachines/jdk1.8.0_73.jdk/Contents/Home
CLASSPATH=.:/usr/local/lib/antlr-4.7.1-complete.jar:
PATH=/Users/lee/Downloads/maven3.3.9/bin:/Users/lee/Library/Ant197/bin:/Users/lee/Library/Tomcat8/bin:/Library/Frameworks/Python.framework/Versions/3.5/bin:/usr/local/bin:/usr/bin:/bin:/usr/sbin:/sbin:/Applications/Wireshark.app/Contents/MacOS:/usr/local/mysql/bin:/Users/lee/gocode//bin
SHELL=/bin/bash

Signal Handlers:
SIGSEGV: [libjvm.dylib+0x5a71a5], sa_mask[0]=11111111011111110111111111111111, sa_flags=SA_ONSTACK|SA_RESTART|SA_SIGINFO
SIGBUS: [libjvm.dylib+0x5a71a5], sa_mask[0]=11111111011111110111111111111111, sa_flags=SA_RESTART|SA_SIGINFO
SIGFPE: [libjvm.dylib+0x480eb4], sa_mask[0]=11111111011111110111111111111111, sa_flags=SA_RESTART|SA_SIGINFO
SIGPIPE: [libjvm.dylib+0x480eb4], sa_mask[0]=11111111011111110111111111111111, sa_flags=SA_RESTART|SA_SIGINFO
SIGXFSZ: [libjvm.dylib+0x480eb4], sa_mask[0]=11111111011111110111111111111111, sa_flags=SA_RESTART|SA_SIGINFO
SIGILL: [libjvm.dylib+0x480eb4], sa_mask[0]=11111111011111110111111111111111, sa_flags=SA_RESTART|SA_SIGINFO
SIGUSR1: SIG_DFL, sa_mask[0]=00000000000000000000000000000000, sa_flags=none
SIGUSR2: [libjvm.dylib+0x4809d2], sa_mask[0]=00100000000000000000000000000000, sa_flags=SA_RESTART|SA_SIGINFO
SIGHUP: [libjvm.dylib+0x47efa9], sa_mask[0]=11111111011111110111111111111111, sa_flags=SA_RESTART|SA_SIGINFO
SIGINT: [libjvm.dylib+0x47efa9], sa_mask[0]=11111111011111110111111111111111, sa_flags=SA_RESTART|SA_SIGINFO
SIGTERM: [libjvm.dylib+0x47efa9], sa_mask[0]=11111111011111110111111111111111, sa_flags=SA_RESTART|SA_SIGINFO
SIGQUIT: [libjvm.dylib+0x47efa9], sa_mask[0]=11111111011111110111111111111111, sa_flags=SA_RESTART|SA_SIGINFO


---------------  S Y S T E M  ---------------

OS:Bsduname:Darwin 16.7.0 Darwin Kernel Version 16.7.0: Thu Jun 15 17:36:27 PDT 2017; root:xnu-3789.70.16~2/RELEASE_X86_64 x86_64
rlimit: STACK 8192k, CORE 0k, NPROC 709, NOFILE 10240, AS infinity
load average:4.21 3.55 3.17

CPU:total 4 (2 cores per cpu, 2 threads per core) family 6 model 61 stepping 4, cmov, cx8, fxsr, mmx, sse, sse2, sse3, ssse3, sse4.1, sse4.2, popcnt, avx, avx2, aes, clmul, erms, 3dnowpref, lzcnt, ht, tsc, tscinvbit, bmi1, bmi2, adx

Memory: 4k page, physical 8388608k(306960k free)

/proc/meminfo:


vm_info: Java HotSpot(TM) 64-Bit Server VM (25.73-b02) for bsd-amd64 JRE (1.8.0_73-b02), built on Jan 29 2016 15:02:00 by "java_re" with gcc 4.2.1 (Based on Apple Inc. build 5658) (LLVM build 2336.11.00)

time: Wed Mar 13 15:24:03 2019
elapsed time: 0 seconds (0d 0h 0m 0s)

