#
# A fatal error has been detected by the Java Runtime Environment:
#
#  Internal Error (exceptions.cpp:427), pid=13385, tid=6915
#  fatal error: ExceptionMark destructor expects no pending exceptions
#
# JRE version: Java(TM) SE Runtime Environment (8.0_73-b02) (build 1.8.0_73-b02)
# Java VM: Java HotSpot(TM) 64-Bit Server VM (25.73-b02 mixed mode bsd-amd64 compressed oops)
# Failed to write core dump. Core dumps have been disabled. To enable core dumping, try "ulimit -c unlimited" before starting Java again
#
# If you would like to submit a bug report, please visit:
#   http://bugreport.java.com/bugreport/crash.jsp
#

---------------  T H R E A D  ---------------

Current thread (0x00007fc121003800):  JavaThread "main" [_thread_in_vm, id=6915, stack(0x00007000016e1000,0x00007000017e1000)]

Stack: [0x00007000016e1000,0x00007000017e1000],  sp=0x00007000017e08c0,  free space=1022k
Native frames: (J=compiled Java code, j=interpreted, Vv=VM code, C=native code)
V  [libjvm.dylib+0x5a6996]
V  [libjvm.dylib+0x1e64f7]
V  [libjvm.dylib+0x240253]
V  [libjvm.dylib+0x56467a]
V  [libjvm.dylib+0x3212d5]
C  [java+0x30c1]  JavaMain+0x134
C  [libsystem_pthread.dylib+0x393b]  _pthread_body+0xb4
C  [libsystem_pthread.dylib+0x3887]  _pthread_body+0x0
C  [libsystem_pthread.dylib+0x308d]  thread_start+0xd
C  0x0000000000000000


---------------  P R O C E S S  ---------------

Java Threads: ( => current thread )
  0x00007fc12204d000 JavaThread "C1 CompilerThread2" daemon [_thread_blocked, id=18691, stack(0x0000700002305000,0x0000700002405000)]
  0x00007fc12204c000 JavaThread "C2 CompilerThread1" daemon [_thread_blocked, id=18179, stack(0x0000700002202000,0x0000700002302000)]
  0x00007fc121815800 JavaThread "C2 CompilerThread0" daemon [_thread_blocked, id=17667, stack(0x00007000020ff000,0x00007000021ff000)]
  0x00007fc121802000 JavaThread "Monitor Ctrl-Break" daemon [_thread_blocked, id=17155, stack(0x0000700001ffc000,0x00007000020fc000)]
  0x00007fc121823000 JavaThread "Signal Dispatcher" daemon [_thread_blocked, id=16643, stack(0x0000700001ef9000,0x0000700001ff9000)]
  0x00007fc12200b800 JavaThread "Finalizer" daemon [_thread_blocked, id=12547, stack(0x0000700001df6000,0x0000700001ef6000)]
  0x00007fc12200b000 JavaThread "Reference Handler" daemon [_thread_blocked, id=12035, stack(0x0000700001cf3000,0x0000700001df3000)]
=>0x00007fc121003800 JavaThread "main" [_thread_in_vm, id=6915, stack(0x00007000016e1000,0x00007000017e1000)]

Other Threads:
  0x00007fc121034000 VMThread [stack: 0x0000700001bf0000,0x0000700001cf0000] [id=11523]

VM state:synchronizing (normal execution)

VM Mutex/Monitor currently owned by a thread:  ([mutex/lock_event])
[0x00007fc120409d50] Threads_lock - owner thread: 0x00007fc121034000
[0x00007fc12040a250] Heap_lock - owner thread: 0x00007fc121802000

Heap:
 PSYoungGen      total 38400K, used 665K [0x0000000795580000, 0x0000000799200000, 0x00000007c0000000)
  eden space 33280K, 2% used [0x0000000795580000,0x00000007956266d0,0x0000000797600000)
  from space 5120K, 0% used [0x0000000797b00000,0x0000000797b00000,0x0000000798000000)
  to   space 5120K, 0% used [0x0000000797600000,0x0000000797600000,0x0000000797b00000)
 ParOldGen       total 114176K, used 331K [0x0000000740000000, 0x0000000746f80000, 0x0000000795580000)
  object space 114176K, 0% used [0x0000000740000000,0x0000000740052ff8,0x0000000746f80000)
 Metaspace       used 2813K, capacity 2898K, committed 3072K, reserved 1056768K
  class space    used 304K, capacity 386K, committed 512K, reserved 1048576K

Card table byte_map: [0x000000010ef7e000,0x000000010f37f000] byte_map_base: 0x000000010b57e000

Marking Bits: (ParMarkBitMap*) 0x000000010e4e3ea0
 Begin Bits: [0x000000010f62a000, 0x000000011162a000)
 End Bits:   [0x000000011162a000, 0x000000011362a000)

Polling page: 0x000000010d3c6000

CodeCache: size=245760Kb used=1031Kb max_used=1031Kb free=244728Kb
 bounds [0x0000000116c7d000, 0x0000000116eed000, 0x0000000125c7d000]
 total_blobs=230 nmethods=3 adapters=143
 compilation: enabled

Compilation events (1 events):
Event: 0.167 Thread 0x00007fc12204d000    2       3       java.lang.String::equals (81 bytes)

GC Heap History (8 events):
Event: 0.168 GC heap before
{Heap before GC invocations=1 (full 0):
 PSYoungGen      total 38400K, used 2662K [0x0000000795580000, 0x0000000798000000, 0x00000007c0000000)
  eden space 33280K, 8% used [0x0000000795580000,0x0000000795819bd8,0x0000000797600000)
  from space 5120K, 0% used [0x0000000797b00000,0x0000000797b00000,0x0000000798000000)
  to   space 5120K, 0% used [0x0000000797600000,0x0000000797600000,0x0000000797b00000)
 ParOldGen       total 87552K, used 0K [0x0000000740000000, 0x0000000745580000, 0x0000000795580000)
  object space 87552K, 0% used [0x0000000740000000,0x0000000740000000,0x0000000745580000)
 Metaspace       used 2813K, capacity 2898K, committed 3072K, reserved 1056768K
  class space    used 304K, capacity 386K, committed 512K, reserved 1048576K
Event: 0.169 GC heap after
Heap after GC invocations=1 (full 0):
 PSYoungGen      total 38400K, used 416K [0x0000000795580000, 0x0000000798000000, 0x00000007c0000000)
  eden space 33280K, 0% used [0x0000000795580000,0x0000000795580000,0x0000000797600000)
  from space 5120K, 8% used [0x0000000797600000,0x0000000797668020,0x0000000797b00000)
  to   space 5120K, 0% used [0x0000000797b00000,0x0000000797b00000,0x0000000798000000)
 ParOldGen       total 87552K, used 8K [0x0000000740000000, 0x0000000745580000, 0x0000000795580000)
  object space 87552K, 0% used [0x0000000740000000,0x0000000740002000,0x0000000745580000)
 Metaspace       used 2813K, capacity 2898K, committed 3072K, reserved 1056768K
  class space    used 304K, capacity 386K, committed 512K, reserved 1048576K
}
Event: 0.169 GC heap before
{Heap before GC invocations=2 (full 1):
 PSYoungGen      total 38400K, used 416K [0x0000000795580000, 0x0000000798000000, 0x00000007c0000000)
  eden space 33280K, 0% used [0x0000000795580000,0x0000000795580000,0x0000000797600000)
  from space 5120K, 8% used [0x0000000797600000,0x0000000797668020,0x0000000797b00000)
  to   space 5120K, 0% used [0x0000000797b00000,0x0000000797b00000,0x0000000798000000)
 ParOldGen       total 87552K, used 8K [0x0000000740000000, 0x0000000745580000, 0x0000000795580000)
  object space 87552K, 0% used [0x0000000740000000,0x0000000740002000,0x0000000745580000)
 Metaspace       used 2813K, capacity 2898K, committed 3072K, reserved 1056768K
  class space    used 304K, capacity 386K, committed 512K, reserved 1048576K
Event: 0.174 GC heap after
Heap after GC invocations=2 (full 1):
 PSYoungGen      total 38400K, used 0K [0x0000000795580000, 0x0000000798000000, 0x00000007c0000000)
  eden space 33280K, 0% used [0x0000000795580000,0x0000000795580000,0x0000000797600000)
  from space 5120K, 0% used [0x0000000797600000,0x0000000797600000,0x0000000797b00000)
  to   space 5120K, 0% used [0x0000000797b00000,0x0000000797b00000,0x0000000798000000)
 ParOldGen       total 59392K, used 347K [0x0000000740000000, 0x0000000743a00000, 0x0000000795580000)
  object space 59392K, 0% used [0x0000000740000000,0x0000000740056c50,0x0000000743a00000)
 Metaspace       used 2813K, capacity 2898K, committed 3072K, reserved 1056768K
  class space    used 304K, capacity 386K, committed 512K, reserved 1048576K
}
Event: 0.174 GC heap before
{Heap before GC invocations=3 (full 1):
 PSYoungGen      total 38400K, used 0K [0x0000000795580000, 0x0000000798000000, 0x00000007c0000000)
  eden space 33280K, 0% used [0x0000000795580000,0x0000000795580000,0x0000000797600000)
  from space 5120K, 0% used [0x0000000797600000,0x0000000797600000,0x0000000797b00000)
  to   space 5120K, 0% used [0x0000000797b00000,0x0000000797b00000,0x0000000798000000)
 ParOldGen       total 59392K, used 347K [0x0000000740000000, 0x0000000743a00000, 0x0000000795580000)
  object space 59392K, 0% used [0x0000000740000000,0x0000000740056c50,0x0000000743a00000)
 Metaspace       used 2813K, capacity 2898K, committed 3072K, reserved 1056768K
  class space    used 304K, capacity 386K, committed 512K, reserved 1048576K
Event: 0.174 GC heap after
Heap after GC invocations=3 (full 1):
 PSYoungGen      total 38400K, used 0K [0x0000000795580000, 0x0000000799200000, 0x00000007c0000000)
  eden space 33280K, 0% used [0x0000000795580000,0x0000000795580000,0x0000000797600000)
  from space 5120K, 0% used [0x0000000797b00000,0x0000000797b00000,0x0000000798000000)
  to   space 5120K, 0% used [0x0000000797600000,0x0000000797600000,0x0000000797b00000)
 ParOldGen       total 59392K, used 347K [0x0000000740000000, 0x0000000743a00000, 0x0000000795580000)
  object space 59392K, 0% used [0x0000000740000000,0x0000000740056c50,0x0000000743a00000)
 Metaspace       used 2813K, capacity 2898K, committed 3072K, reserved 1056768K
  class space    used 304K, capacity 386K, committed 512K, reserved 1048576K
}
Event: 0.174 GC heap before
{Heap before GC invocations=4 (full 2):
 PSYoungGen      total 38400K, used 0K [0x0000000795580000, 0x0000000799200000, 0x00000007c0000000)
  eden space 33280K, 0% used [0x0000000795580000,0x0000000795580000,0x0000000797600000)
  from space 5120K, 0% used [0x0000000797b00000,0x0000000797b00000,0x0000000798000000)
  to   space 5120K, 0% used [0x0000000797600000,0x0000000797600000,0x0000000797b00000)
 ParOldGen       total 59392K, used 347K [0x0000000740000000, 0x0000000743a00000, 0x0000000795580000)
  object space 59392K, 0% used [0x0000000740000000,0x0000000740056c50,0x0000000743a00000)
 Metaspace       used 2813K, capacity 2898K, committed 3072K, reserved 1056768K
  class space    used 304K, capacity 386K, committed 512K, reserved 1048576K
Event: 0.178 GC heap after
Heap after GC invocations=4 (full 2):
 PSYoungGen      total 38400K, used 0K [0x0000000795580000, 0x0000000799200000, 0x00000007c0000000)
  eden space 33280K, 0% used [0x0000000795580000,0x0000000795580000,0x0000000797600000)
  from space 5120K, 0% used [0x0000000797b00000,0x0000000797b00000,0x0000000798000000)
  to   space 5120K, 0% used [0x0000000797600000,0x0000000797600000,0x0000000797b00000)
 ParOldGen       total 114176K, used 331K [0x0000000740000000, 0x0000000746f80000, 0x0000000795580000)
  object space 114176K, 0% used [0x0000000740000000,0x0000000740052ff8,0x0000000746f80000)
 Metaspace       used 2813K, capacity 2898K, committed 3072K, reserved 1056768K
  class space    used 304K, capacity 386K, committed 512K, reserved 1048576K
}

Deoptimization events (0 events):
No events

Internal exceptions (4 events):
Event: 0.067 Thread 0x00007fc121003800 Exception <a 'java/lang/NoSuchMethodError': Method sun.misc.Unsafe.defineClass(Ljava/lang/String;[BII)Ljava/lang/Class; name or signature does not match> (0x0000000795592df0) thrown at [/HUDSON3/workspace/8-2-build-macosx-x86_64/jdk8u73/6086/hotspot/src/s
Event: 0.067 Thread 0x00007fc121003800 Exception <a 'java/lang/NoSuchMethodError': Method sun.misc.Unsafe.prefetchRead(Ljava/lang/Object;J)V name or signature does not match> (0x00000007955930d8) thrown at [/HUDSON3/workspace/8-2-build-macosx-x86_64/jdk8u73/6086/hotspot/src/share/vm/prims/jni.
Event: 0.178 Thread 0x00007fc121003800 Exception <a 'java/lang/OutOfMemoryError'> (0x00000007400117f0) thrown at [/HUDSON3/workspace/8-2-build-macosx-x86_64/jdk8u73/6086/hotspot/src/share/vm/memory/metaspace.cpp, line 3569]
Event: 0.178 Thread 0x00007fc121003800 Exception <a 'java/lang/OutOfMemoryError'> (0x00000007400117f0) thrown at [/HUDSON3/workspace/8-2-build-macosx-x86_64/jdk8u73/6086/hotspot/src/share/vm/oops/instanceKlass.cpp, line 948]

Events (10 events):
Event: 0.167 loading class java/net/SocketImpl done
Event: 0.167 loading class java/net/AbstractPlainSocketImpl done
Event: 0.167 loading class java/net/PlainSocketImpl done
Event: 0.167 loading class java/net/SocksSocketImpl done
Event: 0.167 loading class java/net/AbstractPlainSocketImpl$1
Event: 0.167 loading class java/net/AbstractPlainSocketImpl$1 done
Event: 0.167 loading class java/lang/invoke/MethodHandleImpl
Event: 0.167 loading class java/lang/invoke/MethodHandleImpl done
Event: 0.168 Executing VM operation: CollectForMetadataAllocation
Event: 0.178 Executing VM operation: CollectForMetadataAllocation done


Dynamic libraries:
0x0000000026c65000 	/System/Library/Frameworks/Cocoa.framework/Versions/A/Cocoa
0x0000000026c65000 	/System/Library/Frameworks/Security.framework/Versions/A/Security
0x0000000026c65000 	/System/Library/Frameworks/ApplicationServices.framework/Versions/A/ApplicationServices
0x0000000026c65000 	/usr/lib/libz.1.dylib
0x0000000026c65000 	/usr/lib/libSystem.B.dylib
0x0000000026c65000 	/usr/lib/libobjc.A.dylib
0x0000000026c65000 	/System/Library/Frameworks/CoreFoundation.framework/Versions/A/CoreFoundation
0x0000000026c65000 	/System/Library/Frameworks/Foundation.framework/Versions/C/Foundation
0x0000000026c65000 	/System/Library/Frameworks/AppKit.framework/Versions/C/AppKit
0x0000000026c65000 	/System/Library/Frameworks/CoreData.framework/Versions/A/CoreData
0x0000000026c65000 	/System/Library/PrivateFrameworks/RemoteViewServices.framework/Versions/A/RemoteViewServices
0x0000000026c65000 	/System/Library/PrivateFrameworks/UIFoundation.framework/Versions/A/UIFoundation
0x0000000026c65000 	/System/Library/PrivateFrameworks/DFRFoundation.framework/Versions/A/DFRFoundation
0x0000000026c65000 	/usr/lib/libenergytrace.dylib
0x0000000026c65000 	/System/Library/PrivateFrameworks/SkyLight.framework/Versions/A/SkyLight
0x0000000026c65000 	/System/Library/Frameworks/CoreGraphics.framework/Versions/A/CoreGraphics
0x0000000026c65000 	/usr/lib/libScreenReader.dylib
0x0000000026c65000 	/System/Library/Frameworks/Accelerate.framework/Versions/A/Accelerate
0x0000000026c65000 	/System/Library/Frameworks/IOSurface.framework/Versions/A/IOSurface
0x0000000026c65000 	/System/Library/Frameworks/AudioToolbox.framework/Versions/A/AudioToolbox
0x0000000026c65000 	/System/Library/Frameworks/AudioUnit.framework/Versions/A/AudioUnit
0x0000000026c65000 	/System/Library/PrivateFrameworks/DataDetectorsCore.framework/Versions/A/DataDetectorsCore
0x0000000026c65000 	/System/Library/PrivateFrameworks/DesktopServicesPriv.framework/Versions/A/DesktopServicesPriv
0x0000000026c65000 	/System/Library/Frameworks/Carbon.framework/Versions/A/Frameworks/HIToolbox.framework/Versions/A/HIToolbox
0x0000000026c65000 	/usr/lib/libicucore.A.dylib
0x0000000026c65000 	/System/Library/Frameworks/QuartzCore.framework/Versions/A/QuartzCore
0x0000000026c65000 	/System/Library/Frameworks/Carbon.framework/Versions/A/Frameworks/SpeechRecognition.framework/Versions/A/SpeechRecognition
0x0000000026c65000 	/usr/lib/libauto.dylib
0x0000000026c65000 	/usr/lib/libxml2.2.dylib
0x0000000026c65000 	/System/Library/PrivateFrameworks/CoreUI.framework/Versions/A/CoreUI
0x0000000026c65000 	/System/Library/Frameworks/CoreAudio.framework/Versions/A/CoreAudio
0x0000000026c65000 	/System/Library/Frameworks/DiskArbitration.framework/Versions/A/DiskArbitration
0x0000000026c65000 	/usr/lib/liblangid.dylib
0x0000000026c65000 	/System/Library/PrivateFrameworks/MultitouchSupport.framework/Versions/A/MultitouchSupport
0x0000000026c65000 	/System/Library/Frameworks/IOKit.framework/Versions/A/IOKit
0x0000000026c65000 	/usr/lib/libDiagnosticMessagesClient.dylib
0x0000000026c65000 	/System/Library/Frameworks/CoreServices.framework/Versions/A/CoreServices
0x0000000026c65000 	/System/Library/PrivateFrameworks/PerformanceAnalysis.framework/Versions/A/PerformanceAnalysis
0x0000000026c65000 	/System/Library/PrivateFrameworks/GenerationalStorage.framework/Versions/A/GenerationalStorage
0x0000000026c65000 	/System/Library/Frameworks/OpenGL.framework/Versions/A/OpenGL
0x0000000026c65000 	/System/Library/Frameworks/CoreImage.framework/Versions/A/CoreImage
0x0000000026c65000 	/System/Library/Frameworks/CoreText.framework/Versions/A/CoreText
0x0000000026c65000 	/System/Library/Frameworks/ImageIO.framework/Versions/A/ImageIO
0x0000000026c65000 	/System/Library/PrivateFrameworks/Backup.framework/Versions/A/Backup
0x0000000026c65000 	/usr/lib/libarchive.2.dylib
0x0000000026c65000 	/System/Library/Frameworks/CFNetwork.framework/Versions/A/CFNetwork
0x0000000026c65000 	/System/Library/Frameworks/SystemConfiguration.framework/Versions/A/SystemConfiguration
0x0000000026c65000 	/usr/lib/libCRFSuite.dylib
0x0000000026c65000 	/usr/lib/libc++.1.dylib
0x0000000026c65000 	/usr/lib/libc++abi.dylib
0x0000000026c65000 	/usr/lib/system/libcache.dylib
0x0000000026c65000 	/usr/lib/system/libcommonCrypto.dylib
0x0000000026c65000 	/usr/lib/system/libcompiler_rt.dylib
0x0000000026c65000 	/usr/lib/system/libcopyfile.dylib
0x0000000026c65000 	/usr/lib/system/libcorecrypto.dylib
0x0000000026c65000 	/usr/lib/system/libdispatch.dylib
0x0000000026c65000 	/usr/lib/system/libdyld.dylib
0x0000000026c65000 	/usr/lib/system/libkeymgr.dylib
0x0000000026c65000 	/usr/lib/system/liblaunch.dylib
0x0000000026c65000 	/usr/lib/system/libmacho.dylib
0x0000000026c65000 	/usr/lib/system/libquarantine.dylib
0x0000000026c65000 	/usr/lib/system/libremovefile.dylib
0x0000000026c65000 	/usr/lib/system/libsystem_asl.dylib
0x0000000026c65000 	/usr/lib/system/libsystem_blocks.dylib
0x0000000026c65000 	/usr/lib/system/libsystem_c.dylib
0x0000000026c65000 	/usr/lib/system/libsystem_configuration.dylib
0x0000000026c65000 	/usr/lib/system/libsystem_coreservices.dylib
0x0000000026c65000 	/usr/lib/system/libsystem_coretls.dylib
0x0000000026c65000 	/usr/lib/system/libsystem_dnssd.dylib
0x0000000026c65000 	/usr/lib/system/libsystem_info.dylib
0x0000000026c65000 	/usr/lib/system/libsystem_kernel.dylib
0x0000000026c65000 	/usr/lib/system/libsystem_m.dylib
0x0000000026c65000 	/usr/lib/system/libsystem_malloc.dylib
0x0000000026c65000 	/usr/lib/system/libsystem_network.dylib
0x0000000026c65000 	/usr/lib/system/libsystem_networkextension.dylib
0x0000000026c65000 	/usr/lib/system/libsystem_notify.dylib
0x0000000026c65000 	/usr/lib/system/libsystem_platform.dylib
0x0000000026c65000 	/usr/lib/system/libsystem_pthread.dylib
0x0000000026c65000 	/usr/lib/system/libsystem_sandbox.dylib
0x0000000026c65000 	/usr/lib/system/libsystem_secinit.dylib
0x0000000026c65000 	/usr/lib/system/libsystem_symptoms.dylib
0x0000000026c65000 	/usr/lib/system/libsystem_trace.dylib
0x0000000026c65000 	/usr/lib/system/libunwind.dylib
0x0000000026c65000 	/usr/lib/system/libxpc.dylib
0x0000000026c65000 	/usr/lib/libbsm.0.dylib
0x0000000026c65000 	/usr/lib/system/libkxld.dylib
0x0000000026c65000 	/usr/lib/libcoretls.dylib
0x0000000026c65000 	/usr/lib/libcoretls_cfhelpers.dylib
0x0000000026c65000 	/usr/lib/libOpenScriptingUtil.dylib
0x0000000026c65000 	/usr/lib/libpam.2.dylib
0x0000000026c65000 	/usr/lib/libsqlite3.dylib
0x0000000026c65000 	/usr/lib/libxar.1.dylib
0x0000000026c65000 	/usr/lib/libbz2.1.0.dylib
0x0000000026c65000 	/usr/lib/liblzma.5.dylib
0x0000000026c65000 	/usr/lib/libnetwork.dylib
0x0000000026c65000 	/usr/lib/libpcap.A.dylib
0x0000000026c65000 	/System/Library/Frameworks/CoreServices.framework/Versions/A/Frameworks/FSEvents.framework/Versions/A/FSEvents
0x0000000026c65000 	/System/Library/Frameworks/CoreServices.framework/Versions/A/Frameworks/CarbonCore.framework/Versions/A/CarbonCore
0x0000000026c65000 	/System/Library/Frameworks/CoreServices.framework/Versions/A/Frameworks/Metadata.framework/Versions/A/Metadata
0x0000000026c65000 	/System/Library/Frameworks/CoreServices.framework/Versions/A/Frameworks/OSServices.framework/Versions/A/OSServices
0x0000000026c65000 	/System/Library/Frameworks/CoreServices.framework/Versions/A/Frameworks/SearchKit.framework/Versions/A/SearchKit
0x0000000026c65000 	/System/Library/Frameworks/CoreServices.framework/Versions/A/Frameworks/AE.framework/Versions/A/AE
0x0000000026c65000 	/System/Library/Frameworks/CoreServices.framework/Versions/A/Frameworks/LaunchServices.framework/Versions/A/LaunchServices
0x0000000026c65000 	/System/Library/Frameworks/CoreServices.framework/Versions/A/Frameworks/DictionaryServices.framework/Versions/A/DictionaryServices
0x0000000026c65000 	/System/Library/Frameworks/CoreServices.framework/Versions/A/Frameworks/SharedFileList.framework/Versions/A/SharedFileList
0x0000000026c65000 	/System/Library/Frameworks/NetFS.framework/Versions/A/NetFS
0x0000000026c65000 	/System/Library/PrivateFrameworks/NetAuth.framework/Versions/A/NetAuth
0x0000000026c65000 	/System/Library/PrivateFrameworks/login.framework/Versions/A/Frameworks/loginsupport.framework/Versions/A/loginsupport
0x0000000026c65000 	/System/Library/PrivateFrameworks/TCC.framework/Versions/A/TCC
0x0000000026c65000 	/usr/lib/libmecabra.dylib
0x0000000026c65000 	/System/Library/Frameworks/ApplicationServices.framework/Versions/A/Frameworks/ATS.framework/Versions/A/ATS
0x0000000026c65000 	/System/Library/Frameworks/ApplicationServices.framework/Versions/A/Frameworks/ColorSync.framework/Versions/A/ColorSync
0x0000000026c65000 	/System/Library/Frameworks/ApplicationServices.framework/Versions/A/Frameworks/HIServices.framework/Versions/A/HIServices
0x0000000026c65000 	/System/Library/Frameworks/ApplicationServices.framework/Versions/A/Frameworks/LangAnalysis.framework/Versions/A/LangAnalysis
0x0000000026c65000 	/System/Library/Frameworks/ApplicationServices.framework/Versions/A/Frameworks/PrintCore.framework/Versions/A/PrintCore
0x0000000026c65000 	/System/Library/Frameworks/ApplicationServices.framework/Versions/A/Frameworks/QD.framework/Versions/A/QD
0x0000000026c65000 	/System/Library/Frameworks/ApplicationServices.framework/Versions/A/Frameworks/SpeechSynthesis.framework/Versions/A/SpeechSynthesis
0x0000000026c65000 	/System/Library/Frameworks/Accelerate.framework/Versions/A/Frameworks/vImage.framework/Versions/A/vImage
0x0000000026c65000 	/System/Library/Frameworks/Accelerate.framework/Versions/A/Frameworks/vecLib.framework/Versions/A/vecLib
0x0000000026c65000 	/System/Library/Frameworks/Accelerate.framework/Versions/A/Frameworks/vecLib.framework/Versions/A/libvDSP.dylib
0x0000000026c65000 	/System/Library/Frameworks/Accelerate.framework/Versions/A/Frameworks/vecLib.framework/Versions/A/libBNNS.dylib
0x0000000026c65000 	/System/Library/Frameworks/Accelerate.framework/Versions/A/Frameworks/vecLib.framework/Versions/A/libQuadrature.dylib
0x0000000026c65000 	/System/Library/Frameworks/Accelerate.framework/Versions/A/Frameworks/vecLib.framework/Versions/A/libvMisc.dylib
0x0000000026c65000 	/System/Library/Frameworks/Accelerate.framework/Versions/A/Frameworks/vecLib.framework/Versions/A/libLAPACK.dylib
0x0000000026c65000 	/System/Library/Frameworks/Accelerate.framework/Versions/A/Frameworks/vecLib.framework/Versions/A/libBLAS.dylib
0x0000000026c65000 	/System/Library/Frameworks/Accelerate.framework/Versions/A/Frameworks/vecLib.framework/Versions/A/libLinearAlgebra.dylib
0x0000000026c65000 	/System/Library/Frameworks/Accelerate.framework/Versions/A/Frameworks/vecLib.framework/Versions/A/libSparseBLAS.dylib
0x0000000026c65000 	/System/Library/Frameworks/ApplicationServices.framework/Versions/A/Frameworks/ATS.framework/Versions/A/Resources/libFontParser.dylib
0x0000000026c65000 	/System/Library/Frameworks/ApplicationServices.framework/Versions/A/Frameworks/ATS.framework/Versions/A/Resources/libFontRegistry.dylib
0x0000000026c65000 	/System/Library/Frameworks/ImageIO.framework/Versions/A/Resources/libJPEG.dylib
0x0000000026c65000 	/System/Library/Frameworks/ImageIO.framework/Versions/A/Resources/libTIFF.dylib
0x0000000026c65000 	/System/Library/Frameworks/ImageIO.framework/Versions/A/Resources/libPng.dylib
0x0000000026c65000 	/System/Library/Frameworks/ImageIO.framework/Versions/A/Resources/libGIF.dylib
0x0000000026c65000 	/System/Library/Frameworks/ImageIO.framework/Versions/A/Resources/libJP2.dylib
0x0000000026c65000 	/System/Library/Frameworks/ImageIO.framework/Versions/A/Resources/libRadiance.dylib
0x0000000026c65000 	/usr/lib/libcompression.dylib
0x0000000026c65000 	/System/Library/PrivateFrameworks/AppleJPEG.framework/Versions/A/AppleJPEG
0x0000000026c65000 	/usr/lib/libcups.2.dylib
0x0000000026c65000 	/System/Library/Frameworks/Kerberos.framework/Versions/A/Kerberos
0x0000000026c65000 	/System/Library/Frameworks/GSS.framework/Versions/A/GSS
0x0000000026c65000 	/usr/lib/libresolv.9.dylib
0x0000000026c65000 	/usr/lib/libiconv.2.dylib
0x0000000026c65000 	/System/Library/PrivateFrameworks/Heimdal.framework/Versions/A/Heimdal
0x0000000026c65000 	/usr/lib/libheimdal-asn1.dylib
0x0000000026c65000 	/System/Library/Frameworks/OpenDirectory.framework/Versions/A/OpenDirectory
0x0000000026c65000 	/System/Library/PrivateFrameworks/CommonAuth.framework/Versions/A/CommonAuth
0x0000000026c65000 	/System/Library/Frameworks/OpenDirectory.framework/Versions/A/Frameworks/CFOpenDirectory.framework/Versions/A/CFOpenDirectory
0x0000000026c65000 	/System/Library/Frameworks/SecurityFoundation.framework/Versions/A/SecurityFoundation
0x0000000026c65000 	/System/Library/PrivateFrameworks/LanguageModeling.framework/Versions/A/LanguageModeling
0x0000000026c65000 	/usr/lib/libmarisa.dylib
0x0000000026c65000 	/usr/lib/libChineseTokenizer.dylib
0x0000000026c65000 	/usr/lib/libcmph.dylib
0x0000000026c65000 	/System/Library/PrivateFrameworks/CoreEmoji.framework/Versions/A/CoreEmoji
0x0000000026c65000 	/System/Library/Frameworks/ServiceManagement.framework/Versions/A/ServiceManagement
0x0000000026c65000 	/usr/lib/libxslt.1.dylib
0x0000000026c65000 	/System/Library/Frameworks/Carbon.framework/Versions/A/Frameworks/Ink.framework/Versions/A/Ink
0x0000000026c65000 	/System/Library/PrivateFrameworks/TextureIO.framework/Versions/A/TextureIO
0x0000000026c65000 	/System/Library/Frameworks/Metal.framework/Versions/A/Metal
0x0000000026c65000 	/usr/lib/libate.dylib
0x0000000026c65000 	/System/Library/PrivateFrameworks/GPUCompiler.framework/libmetal_timestamp.dylib
0x0000000026c65000 	/System/Library/Frameworks/OpenGL.framework/Versions/A/Libraries/libCoreFSCache.dylib
0x0000000026c65000 	/System/Library/PrivateFrameworks/IOAccelerator.framework/Versions/A/IOAccelerator
0x0000000026c65000 	/System/Library/Frameworks/CoreVideo.framework/Versions/A/CoreVideo
0x0000000026c65000 	/usr/lib/libFosl_dynamic.dylib
0x0000000026c65000 	/System/Library/PrivateFrameworks/MetalPerformanceShaders.framework/Versions/A/MetalPerformanceShaders
0x0000000026c65000 	/System/Library/PrivateFrameworks/FaceCore.framework/Versions/A/FaceCore
0x0000000026c65000 	/System/Library/Frameworks/OpenCL.framework/Versions/A/OpenCL
0x0000000026c65000 	/System/Library/Frameworks/OpenGL.framework/Versions/A/Libraries/libGLU.dylib
0x0000000026c65000 	/System/Library/Frameworks/OpenGL.framework/Versions/A/Libraries/libGFXShared.dylib
0x0000000026c65000 	/System/Library/Frameworks/OpenGL.framework/Versions/A/Libraries/libGL.dylib
0x0000000026c65000 	/System/Library/Frameworks/OpenGL.framework/Versions/A/Libraries/libGLImage.dylib
0x0000000026c65000 	/System/Library/Frameworks/OpenGL.framework/Versions/A/Libraries/libCVMSPluginSupport.dylib
0x0000000026c65000 	/System/Library/Frameworks/OpenGL.framework/Versions/A/Libraries/libCoreVMClient.dylib
0x0000000026c65000 	/System/Library/PrivateFrameworks/CrashReporterSupport.framework/Versions/A/CrashReporterSupport
0x0000000026c65000 	/System/Library/PrivateFrameworks/Sharing.framework/Versions/A/Sharing
0x0000000026c65000 	/System/Library/PrivateFrameworks/IconServices.framework/Versions/A/IconServices
0x0000000026c65000 	/System/Library/PrivateFrameworks/ProtocolBuffer.framework/Versions/A/ProtocolBuffer
0x0000000026c65000 	/System/Library/PrivateFrameworks/Apple80211.framework/Versions/A/Apple80211
0x0000000026c65000 	/System/Library/Frameworks/CoreWLAN.framework/Versions/A/CoreWLAN
0x0000000026c65000 	/System/Library/PrivateFrameworks/CoreUtils.framework/Versions/A/CoreUtils
0x0000000026c65000 	/System/Library/Frameworks/IOBluetooth.framework/Versions/A/IOBluetooth
0x0000000026c65000 	/System/Library/PrivateFrameworks/CoreWiFi.framework/Versions/A/CoreWiFi
0x0000000026c65000 	/System/Library/Frameworks/CoreBluetooth.framework/Versions/A/CoreBluetooth
0x0000000026c65000 	/System/Library/Frameworks/CoreDisplay.framework/Versions/A/CoreDisplay
0x0000000026c65000 	/System/Library/PrivateFrameworks/IOPresentment.framework/Versions/A/IOPresentment
0x0000000026c65000 	/System/Library/PrivateFrameworks/DSExternalDisplay.framework/Versions/A/DSExternalDisplay
0x0000000026c65000 	/System/Library/PrivateFrameworks/DebugSymbols.framework/Versions/A/DebugSymbols
0x0000000026c65000 	/System/Library/PrivateFrameworks/CoreSymbolication.framework/Versions/A/CoreSymbolication
0x0000000026c65000 	/System/Library/PrivateFrameworks/Symbolication.framework/Versions/A/Symbolication
0x0000000026c65000 	/System/Library/PrivateFrameworks/AppleFSCompression.framework/Versions/A/AppleFSCompression
0x0000000026c65000 	/System/Library/PrivateFrameworks/SpeechRecognitionCore.framework/Versions/A/SpeechRecognitionCore
0x0000000026c65000 	/System/Library/PrivateFrameworks/ChunkingLibrary.framework/Versions/A/ChunkingLibrary
0x000000010d33f000 	/System/Library/CoreServices/Encodings/libSimplifiedChineseConverter.dylib
0x000000010dc00000 	/Library/Java/JavaVirtualMachines/jdk1.8.0_73.jdk/Contents/Home/jre/lib/server/libjvm.dylib
0x0000000026c65000 	/usr/lib/libstdc++.6.dylib
0x000000010d383000 	/Library/Java/JavaVirtualMachines/jdk1.8.0_73.jdk/Contents/Home/jre/lib/libverify.dylib
0x000000010d391000 	/Library/Java/JavaVirtualMachines/jdk1.8.0_73.jdk/Contents/Home/jre/lib/libjava.dylib
0x000000010d3c7000 	/Library/Java/JavaVirtualMachines/jdk1.8.0_73.jdk/Contents/Home/jre/lib/libinstrument.dylib
0x000000010d3f4000 	/Library/Java/JavaVirtualMachines/jdk1.8.0_73.jdk/Contents/Home/jre/lib/libzip.dylib
0x00000001154f8000 	/System/Library/Frameworks/JavaVM.framework/Frameworks/JavaRuntimeSupport.framework/JavaRuntimeSupport
0x0000000115512000 	/System/Library/Frameworks/JavaVM.framework/Versions/A/Frameworks/JavaNativeFoundation.framework/Versions/A/JavaNativeFoundation
0x0000000115527000 	/System/Library/Frameworks/JavaVM.framework/Versions/A/JavaVM
0x0000000026c65000 	/System/Library/Frameworks/Carbon.framework/Versions/A/Carbon
0x0000000115534000 	/System/Library/PrivateFrameworks/JavaLaunching.framework/Versions/A/JavaLaunching
0x0000000026c65000 	/System/Library/Frameworks/Carbon.framework/Versions/A/Frameworks/CommonPanels.framework/Versions/A/CommonPanels
0x0000000026c65000 	/System/Library/Frameworks/Carbon.framework/Versions/A/Frameworks/Help.framework/Versions/A/Help
0x0000000026c65000 	/System/Library/Frameworks/Carbon.framework/Versions/A/Frameworks/ImageCapture.framework/Versions/A/ImageCapture
0x0000000026c65000 	/System/Library/Frameworks/Carbon.framework/Versions/A/Frameworks/OpenScripting.framework/Versions/A/OpenScripting
0x0000000026c65000 	/System/Library/Frameworks/Carbon.framework/Versions/A/Frameworks/Print.framework/Versions/A/Print
0x0000000026c65000 	/System/Library/Frameworks/Carbon.framework/Versions/A/Frameworks/SecurityHI.framework/Versions/A/SecurityHI
0x00000001156a4000 	/Library/Java/JavaVirtualMachines/jdk1.8.0_73.jdk/Contents/Home/jre/lib/libnet.dylib

VM Arguments:
jvm_args: -XX:MaxMetaspaceSize=3m -javaagent:/Applications/IntelliJ IDEA.app/Contents/lib/idea_rt.jar=59627:/Applications/IntelliJ IDEA.app/Contents/bin -Dfile.encoding=UTF-8 
java_command: com.liam.demo.jmm.OOMDemo
java_class_path (initial): /Library/Java/JavaVirtualMachines/jdk1.8.0_73.jdk/Contents/Home/jre/lib/charsets.jar:/Library/Java/JavaVirtualMachines/jdk1.8.0_73.jdk/Contents/Home/jre/lib/deploy.jar:/Library/Java/JavaVirtualMachines/jdk1.8.0_73.jdk/Contents/Home/jre/lib/ext/cldrdata.jar:/Library/Java/JavaVirtualMachines/jdk1.8.0_73.jdk/Contents/Home/jre/lib/ext/dnsns.jar:/Library/Java/JavaVirtualMachines/jdk1.8.0_73.jdk/Contents/Home/jre/lib/ext/jaccess.jar:/Library/Java/JavaVirtualMachines/jdk1.8.0_73.jdk/Contents/Home/jre/lib/ext/jfxrt.jar:/Library/Java/JavaVirtualMachines/jdk1.8.0_73.jdk/Contents/Home/jre/lib/ext/localedata.jar:/Library/Java/JavaVirtualMachines/jdk1.8.0_73.jdk/Contents/Home/jre/lib/ext/nashorn.jar:/Library/Java/JavaVirtualMachines/jdk1.8.0_73.jdk/Contents/Home/jre/lib/ext/sunec.jar:/Library/Java/JavaVirtualMachines/jdk1.8.0_73.jdk/Contents/Home/jre/lib/ext/sunjce_provider.jar:/Library/Java/JavaVirtualMachines/jdk1.8.0_73.jdk/Contents/Home/jre/lib/ext/sunpkcs11.jar:/Library/Java/JavaVirtualMachines/jdk1.8.0_73.jdk/Contents/Home/jre/lib/ext/zipfs.jar:/Library/Java/JavaVirtualMachines/jdk1.8.0_73.jdk/Contents/Home/jre/lib/javaws.jar:/Library/Java/JavaVirtualMachines/jdk1.8.0_73.jdk/Contents/Home/jre/lib/jce.jar:/Library/Java/JavaVirtualMachines/jdk1.8.0_73.jdk/Contents/Home/jre/lib/jfr.jar:/Library/Java/JavaVirtualMachines/jdk1.8.0_73.jdk/Contents/Home/jre/lib/jfxswt.jar:/Library/Java/JavaVirtualMachines/jdk1.8.0_73.jdk/Contents/Home/jre/lib/jsse.jar:/Library/Java/JavaVirtualMachines/jdk1.8.0_73.jdk/Contents/Home/jre/lib/management-agent.jar:/Library/Java/JavaVirtualMachines/jdk1.8.0_73.jdk/Contents/Home/jre/lib/plugin.jar:/Library/Java/JavaVirtualMachines/jdk1.8.0_73.jdk/Contents/Home/jre/lib/resources.jar:/Library/Java/JavaVirtualMachines/jdk1.8.0_73.jdk/Contents/Home/jre/lib/rt.jar:/Library/Java/JavaVirtualMachines/jdk1.8.0_73.jdk/Contents/Home/lib/ant-javafx.jar:/Library/Java/JavaVirtualMachines/jdk1.8.0_73.jdk/Contents/Home/lib/dt.jar:/Library/Ja
Launcher Type: SUN_STANDARD

Environment Variables:
JAVA_HOME=/Library/Java/JavaVirtualMachines/jdk1.8.0_73.jdk/Contents/Home
CLASSPATH=.:/usr/local/lib/antlr-4.7.1-complete.jar:
PATH=/Users/lee/Downloads/maven3.3.9/bin:/Users/lee/Library/Ant197/bin:/Users/lee/Library/Tomcat8/bin:/Library/Frameworks/Python.framework/Versions/3.5/bin:/usr/local/bin:/usr/bin:/bin:/usr/sbin:/sbin:/Applications/Wireshark.app/Contents/MacOS:/usr/local/mysql/bin:/Users/lee/gocode//bin
SHELL=/bin/bash

Signal Handlers:
SIGSEGV: [libjvm.dylib+0x5a71a5], sa_mask[0]=11111111011111110111111111111111, sa_flags=SA_ONSTACK|SA_RESTART|SA_SIGINFO
SIGBUS: [libjvm.dylib+0x5a71a5], sa_mask[0]=11111111011111110111111111111111, sa_flags=SA_RESTART|SA_SIGINFO
SIGFPE: [libjvm.dylib+0x480eb4], sa_mask[0]=11111111011111110111111111111111, sa_flags=SA_RESTART|SA_SIGINFO
SIGPIPE: [libjvm.dylib+0x480eb4], sa_mask[0]=11111111011111110111111111111111, sa_flags=SA_RESTART|SA_SIGINFO
SIGXFSZ: [libjvm.dylib+0x480eb4], sa_mask[0]=11111111011111110111111111111111, sa_flags=SA_RESTART|SA_SIGINFO
SIGILL: [libjvm.dylib+0x480eb4], sa_mask[0]=11111111011111110111111111111111, sa_flags=SA_RESTART|SA_SIGINFO
SIGUSR1: SIG_DFL, sa_mask[0]=00000000000000000000000000000000, sa_flags=none
SIGUSR2: [libjvm.dylib+0x4809d2], sa_mask[0]=00100000000000000000000000000000, sa_flags=SA_RESTART|SA_SIGINFO
SIGHUP: [libjvm.dylib+0x47efa9], sa_mask[0]=11111111011111110111111111111111, sa_flags=SA_RESTART|SA_SIGINFO
SIGINT: [libjvm.dylib+0x47efa9], sa_mask[0]=11111111011111110111111111111111, sa_flags=SA_RESTART|SA_SIGINFO
SIGTERM: [libjvm.dylib+0x47efa9], sa_mask[0]=11111111011111110111111111111111, sa_flags=SA_RESTART|SA_SIGINFO
SIGQUIT: [libjvm.dylib+0x47efa9], sa_mask[0]=11111111011111110111111111111111, sa_flags=SA_RESTART|SA_SIGINFO


---------------  S Y S T E M  ---------------

OS:Bsduname:Darwin 16.7.0 Darwin Kernel Version 16.7.0: Thu Jun 15 17:36:27 PDT 2017; root:xnu-3789.70.16~2/RELEASE_X86_64 x86_64
rlimit: STACK 8192k, CORE 0k, NPROC 709, NOFILE 10240, AS infinity
load average:4.31 5.08 4.63

CPU:total 4 (2 cores per cpu, 2 threads per core) family 6 model 61 stepping 4, cmov, cx8, fxsr, mmx, sse, sse2, sse3, ssse3, sse4.1, sse4.2, popcnt, avx, avx2, aes, clmul, erms, 3dnowpref, lzcnt, ht, tsc, tscinvbit, bmi1, bmi2, adx

Memory: 4k page, physical 8388608k(812332k free)

/proc/meminfo:


vm_info: Java HotSpot(TM) 64-Bit Server VM (25.73-b02) for bsd-amd64 JRE (1.8.0_73-b02), built on Jan 29 2016 15:02:00 by "java_re" with gcc 4.2.1 (Based on Apple Inc. build 5658) (LLVM build 2336.11.00)

time: Wed Mar 13 15:39:35 2019
elapsed time: 0 seconds (0d 0h 0m 0s)

